2019-10-28 22:01:28 INFO  Empl:15 - =============> Started TC <=============
2019-10-28 22:01:29 INFO  Empl:22 - *****_Checking status code_*****
2019-10-28 22:05:01 INFO  CRMPro:15 - =============> Started TC <=============
2019-10-28 22:06:37 INFO  CRMPro:15 - =============> Started TC <=============
2019-10-28 22:06:37 INFO  CRMPro:22 - *****_Checking status code_*****
2019-10-28 22:46:16 INFO CRMPro:16 - =============> Started TC <=============
2019-10-28 22:46:16 INFO CRMPro:28 - *****_Checking status code_*****
2019-10-28 22:48:55 INFO CRMPro:16 - =============> Started TC <=============
2019-10-28 22:48:55 INFO CRMPro:33 - --->> Verified CRM logo img
2019-10-28 22:48:55 INFO CRMPro:39 - --->> Verified login
2019-10-28 22:48:58 INFO CRMPro:27 - --->> Verified Login Page Title
2019-10-28 22:50:50 INFO CRMPro:16 - =============> Started TC <=============
2019-10-28 22:50:50 INFO CRMPro:33 - --->> Verified CRM logo img
2019-10-28 22:50:51 INFO CRMPro:39 - --->> Verified login
2019-10-28 22:50:51 INFO CRMPro:27 - --->> Verified Login Page Title
2019-10-28 22:52:02 INFO CRMPro:16 - =============> Started TC <=============
2019-10-28 22:52:02 INFO CRMPro:27 - --->> Verified Login Page Title
2019-10-28 22:52:02 INFO CRMPro:33 - --->> Verified CRM logo img
2019-10-28 22:52:02 INFO CRMPro:39 - --->> Verified login
2019-10-28 22:53:20 INFO CRMPro:16 - =============> Started TC <=============
2019-10-28 22:53:20 INFO CRMPro:27 - --->> Verified Login Page Title
2019-10-28 22:53:20 INFO CRMPro:33 - --->> Verified CRM logo img
2019-10-28 22:53:20 INFO CRMPro:39 - --->> Verified login
2019-10-28 23:41:56 INFO CRMPro:42 - ********** Test case FINISHED **********
2019-10-28 23:45:45 INFO CRMPro:16 - =============> Started TC <=============
2019-10-28 23:45:53 INFO CRMPro:27 - --->> Verified Login Page Title
2019-10-28 23:46:00 INFO CRMPro:33 - --->> Verified CRM logo img
2019-10-28 23:46:07 INFO CRMPro:39 - --->> Verified login
2019-10-28 23:46:09 INFO CRMPro:39 - ********** Test case FINISHED **********
2019-10-28 23:49:55 INFO CRMPro:39 - ********** Test case FINISHED **********
2019-10-31 17:32:39 INFO CRMPro:39 - ********** Test case FINISHED **********
2019-10-31 17:34:59 INFO CRMPro:23 - =============> Started TC <=============
2019-10-31 17:37:25 INFO CRMPro:23 - =============> Started TC <=============
2019-10-31 17:37:35 INFO CRMPro:27 - --->> Verified Login Page Title
2019-10-31 17:37:43 INFO CRMPro:33 - --->> Verified CRM logo img
2019-10-31 17:37:51 INFO CRMPro:39 - --->> Verified login
2019-10-31 17:37:55 INFO CRMPro:40 - ********** Test case FINISHED **********
2019-10-31 18:10:30 INFO CRMPro:27 - =============> Started TC <=============
2019-10-31 18:10:39 INFO CRMPro:22 - --->> Verified Login Page Title
2019-10-31 18:10:40 INFO CRMPro:44 - ********** Test case FINISHED **********
2019-10-31 18:10:59 INFO CRMPro:27 - =============> Started TC <=============
2019-10-31 18:11:07 INFO CRMPro:22 - --->> Verified Login Page Title
2019-10-31 18:11:14 INFO CRMPro:28 - --->> Verified CRM logo img
2019-10-31 18:11:21 INFO CRMPro:34 - --->> Verified login
2019-10-31 18:11:22 INFO CRMPro:44 - ********** Test case FINISHED **********
2019-10-31 18:12:20 INFO CRMPro:27 - =============> Started TC <=============
2019-10-31 18:12:30 INFO CRMPro:34 - --->> Verified login
2019-10-31 18:12:31 INFO CRMPro:44 - ********** Test case FINISHED **********
2019-10-31 18:13:46 INFO CRMPro:27 - =============> Started TC <=============
2019-10-31 18:13:54 INFO CRMPro:34 - --->> Verified login
2019-10-31 18:24:42 INFO CRMPro:26 - =============> Started TC <=============
2019-10-31 18:24:52 INFO CRMPro:22 - --->> Verified Login Page Title
2019-10-31 18:24:59 INFO CRMPro:28 - --->> Verified CRM logo img
2019-10-31 18:25:07 INFO CRMPro:34 - --->> Verified login
2019-10-31 18:25:10 INFO CRMPro:43 - ********** Test case FINISHED **********
2019-10-31 18:30:09 INFO CRMPro:26 - =============> Started TC <=============
2019-10-31 18:30:18 INFO CRMPro:34 - --->> Verified login
2019-10-31 18:30:22 INFO CRMPro:43 - ********** Test case FINISHED **********
2019-10-31 18:30:35 INFO CRMPro:26 - =============> Started TC <=============
2019-10-31 18:30:44 INFO CRMPro:22 - --->> Verified Login Page Title
2019-10-31 18:30:51 INFO CRMPro:28 - --->> Verified CRM logo img
2019-10-31 18:30:59 INFO CRMPro:34 - --->> Verified login
2019-10-31 18:31:01 INFO CRMPro:43 - ********** Test case FINISHED **********
2019-10-31 18:34:30 INFO CRMPro:26 - =============> Started TC <=============
2019-10-31 18:34:40 INFO CRMPro:34 - --->> Verified login
2019-10-31 18:34:43 INFO CRMPro:43 - ********** Test case FINISHED **********
2019-10-31 18:34:50 INFO CRMPro:26 - =============> Started TC <=============
2019-10-31 18:35:00 INFO CRMPro:22 - --->> Verified Login Page Title
2019-10-31 18:35:08 INFO CRMPro:28 - --->> Verified CRM logo img
2019-10-31 18:35:15 INFO CRMPro:34 - --->> Verified login
2019-10-31 18:35:17 INFO CRMPro:43 - ********** Test case FINISHED **********
2019-10-31 18:37:33 INFO CRMPro:26 - =============> Started TC <=============
2019-10-31 18:37:44 INFO CRMPro:22 - --->> Verified Login Page Title
2019-10-31 18:37:51 INFO CRMPro:28 - --->> Verified CRM logo img
2019-10-31 18:37:58 INFO CRMPro:34 - --->> Verified login
2019-10-31 18:38:02 INFO CRMPro:43 - ********** Test case FINISHED **********
2019-10-31 18:46:05 INFO CRMPro:26 - =============> Started TC <=============
2019-10-31 18:46:16 INFO CRMPro:43 - ********** Test case FINISHED **********
2019-10-31 18:49:34 INFO CRMPro:26 - =============> Started TC <=============
2019-10-31 18:49:48 INFO CRMPro:43 - ********** Test case FINISHED **********
2019-10-31 18:50:17 INFO CRMPro:26 - =============> Started TC <=============
2019-10-31 18:50:31 INFO CRMPro:43 - ********** Test case FINISHED **********
2019-10-31 18:51:47 INFO CRMPro:26 - =============> Started TC <=============
2019-10-31 18:52:01 INFO CRMPro:43 - ********** Test case FINISHED **********
2019-10-31 18:55:58 INFO CRMPro:26 - =============> Started TC <=============
2019-10-31 18:56:13 INFO CRMPro:43 - ********** Test case FINISHED **********
2019-10-31 18:57:00 INFO CRMPro:26 - =============> Started TC <=============
2019-10-31 18:57:12 INFO CRMPro:43 - ********** Test case FINISHED **********
2019-10-31 18:59:48 INFO CRMPro:26 - =============> Started TC <=============
2019-10-31 19:02:58 INFO CRMPro:26 - =============> Started TC <=============
2019-10-31 19:03:11 INFO CRMPro:43 - ********** Test case FINISHED **********
2019-10-31 19:03:46 INFO CRMPro:26 - =============> Started TC <=============
2019-10-31 19:04:01 INFO CRMPro:43 - ********** Test case FINISHED **********
2019-10-31 19:04:55 INFO CRMPro:26 - =============> Started TC <=============
2019-10-31 19:05:13 INFO CRMPro:43 - ********** Test case FINISHED **********
2019-10-31 19:06:10 INFO CRMPro:26 - =============> Started TC <=============
2019-10-31 19:06:24 INFO CRMPro:43 - ********** Test case FINISHED **********
2019-10-31 19:09:29 INFO CRMPro:26 - =============> Started TC <=============
2019-10-31 19:09:42 INFO CRMPro:43 - ********** Test case FINISHED **********
2019-10-31 19:12:04 INFO CRMPro:26 - =============> Started TC <=============
2019-10-31 19:12:19 INFO CRMPro:43 - ********** Test case FINISHED **********
2019-10-31 20:10:40 INFO CRMPro:26 - =============> Started TC <=============
2019-10-31 20:11:05 INFO CRMPro:43 - ********** Test case FINISHED **********
2019-10-31 20:21:04 INFO CRMPro:26 - =============> Started TC <=============
2019-10-31 20:21:29 INFO CRMPro:43 - ********** Test case FINISHED **********
2019-10-31 20:31:50 INFO CRMPro:26 - =============> Started TC <=============
2019-10-31 20:32:13 INFO CRMPro:43 - ********** Test case FINISHED **********
2019-10-31 20:33:24 INFO CRMPro:26 - =============> Started TC <=============
2019-10-31 20:33:48 INFO CRMPro:43 - ********** Test case FINISHED **********
2019-10-31 20:38:09 INFO CRMPro:26 - =============> Started TC <=============
2019-10-31 20:38:37 INFO CRMPro:43 - ********** Test case FINISHED **********
2019-10-31 20:40:09 INFO CRMPro:26 - =============> Started TC <=============
2019-10-31 20:57:58 INFO CRMPro:26 - =============> Started TC <=============
2019-10-31 20:58:28 INFO CRMPro:43 - ********** Test case FINISHED **********
2019-10-31 21:05:08 INFO CRMPro:26 - =============> Started TC <=============
2019-10-31 21:05:30 INFO CRMPro:43 - ********** Test case FINISHED **********
2019-10-31 21:06:16 INFO CRMPro:26 - =============> Started TC <=============
2019-10-31 21:06:38 INFO CRMPro:43 - ********** Test case FINISHED **********
2019-10-31 21:08:13 INFO CRMPro:26 - =============> Started TC <=============
2019-10-31 21:08:35 INFO CRMPro:43 - ********** Test case FINISHED **********
2019-10-31 21:12:09 INFO CRMPro:26 - =============> Started TC <=============
2019-10-31 21:12:35 INFO CRMPro:43 - ********** Test case FINISHED **********
2019-10-31 21:17:22 INFO CRMPro:26 - =============> Started TC <=============
2019-10-31 21:17:46 INFO CRMPro:43 - ********** Test case FINISHED **********
2019-10-31 21:28:26 INFO CRMPro:26 - =============> Started TC <=============
2019-10-31 21:28:48 INFO CRMPro:43 - ********** Test case FINISHED **********
2019-10-31 21:35:40 INFO CRMPro:26 - =============> Started TC <=============
2019-10-31 21:36:03 INFO CRMPro:43 - ********** Test case FINISHED **********
2019-11-01 00:28:48 INFO CRMPro:26 - =============> Started TC <=============
2019-11-01 00:29:17 INFO CRMPro:43 - ********** Test case FINISHED **********
2019-11-01 00:29:58 INFO CRMPro:26 - =============> Started TC <=============
2019-11-01 00:30:20 INFO CRMPro:43 - ********** Test case FINISHED **********
2019-11-01 00:31:03 INFO CRMPro:26 - =============> Started TC <=============
2019-11-01 00:31:26 INFO CRMPro:43 - ********** Test case FINISHED **********
2019-11-01 00:33:26 INFO CRMPro:26 - =============> Started TC <=============
2019-11-01 00:33:49 INFO CRMPro:43 - ********** Test case FINISHED **********
2019-11-01 00:37:18 INFO CRMPro:26 - =============> Started TC <=============
2019-11-01 00:37:40 INFO CRMPro:43 - ********** Test case FINISHED **********
2019-11-01 00:40:22 INFO CRMPro:26 - =============> Started TC <=============
2019-11-01 00:40:44 INFO CRMPro:43 - ********** Test case FINISHED **********
2019-11-01 00:42:01 INFO CRMPro:26 - =============> Started TC <=============
2019-11-01 00:42:22 INFO CRMPro:43 - ********** Test case FINISHED **********
2019-11-01 00:43:12 INFO CRMPro:26 - =============> Started TC <=============
2019-11-01 00:43:34 INFO CRMPro:43 - ********** Test case FINISHED **********
2019-11-01 00:44:43 INFO CRMPro:26 - =============> Started TC <=============
2019-11-01 00:45:06 INFO CRMPro:43 - ********** Test case FINISHED **********
2019-11-01 00:45:44 INFO CRMPro:26 - =============> Started TC <=============
2019-11-01 00:46:07 INFO CRMPro:43 - ********** Test case FINISHED **********
2019-11-01 00:47:13 INFO CRMPro:26 - =============> Started TC <=============
2019-11-01 00:47:35 INFO CRMPro:43 - ********** Test case FINISHED **********
2019-11-01 00:48:16 INFO CRMPro:26 - =============> Started TC <=============
2019-11-01 00:48:39 INFO CRMPro:43 - ********** Test case FINISHED **********
2019-11-01 00:56:36 INFO CRMPro:26 - =============> Started TC <=============
2019-11-01 00:56:59 INFO CRMPro:43 - ********** Test case FINISHED **********
2019-11-01 00:58:16 INFO CRMPro:26 - =============> Started TC <=============
2019-11-01 00:58:40 INFO CRMPro:43 - ********** Test case FINISHED **********
2019-11-01 00:59:51 INFO CRMPro:26 - =============> Started TC <=============
2019-11-01 01:00:20 INFO CRMPro:26 - =============> Started TC <=============
2019-11-01 01:00:43 INFO CRMPro:43 - ********** Test case FINISHED **********
2019-11-01 01:02:00 INFO CRMPro:26 - =============> Started TC <=============
2019-11-01 01:02:23 INFO CRMPro:43 - ********** Test case FINISHED **********
2019-11-01 01:36:50 INFO CRMPro:26 - =============> Started TC <=============
2019-11-01 01:36:52 INFO CRMPro:43 - ********** Test case FINISHED **********
2019-11-01 01:38:42 INFO CRMPro:26 - =============> Started TC <=============
2019-11-01 01:38:43 INFO CRMPro:43 - ********** Test case FINISHED **********
2019-11-01 01:40:45 INFO CRMPro:26 - =============> Started TC <=============
2019-11-01 01:40:47 INFO CRMPro:43 - ********** Test case FINISHED **********
2019-11-01 01:42:32 INFO CRMPro:26 - =============> Started TC <=============
2019-11-01 01:42:33 INFO CRMPro:43 - ********** Test case FINISHED **********
2019-11-01 01:43:14 INFO CRMPro:26 - =============> Started TC <=============
2019-11-01 01:43:16 INFO CRMPro:43 - ********** Test case FINISHED **********
2019-11-01 01:45:09 INFO CRMPro:26 - =============> Started TC <=============
2019-11-01 01:45:10 INFO CRMPro:43 - ********** Test case FINISHED **********
2019-11-01 01:47:20 INFO CRMPro:26 - =============> Started TC <=============
2019-11-01 01:47:22 INFO CRMPro:43 - ********** Test case FINISHED **********
2019-11-01 01:48:00 INFO CRMPro:26 - =============> Started TC <=============
2019-11-01 01:55:28 INFO CRMPro:43 - ********** Test case FINISHED **********
2019-11-01 02:17:05 INFO CRMPro:26 - =============> Started TC <=============
2019-11-01 02:22:55 INFO CRMPro:43 - ********** Test case FINISHED **********
2019-11-01 07:53:30 INFO CRMPro:26 - =============> Started TC <=============
2019-11-01 07:53:53 INFO CRMPro:43 - ********** Test case FINISHED **********
2019-11-01 07:57:19 INFO CRMPro:26 - =============> Started TC <=============
2019-11-01 07:57:38 INFO CRMPro:43 - ********** Test case FINISHED **********
2019-11-01 07:59:18 INFO CRMPro:26 - =============> Started TC <=============
2019-11-01 08:00:35 INFO CRMPro:26 - =============> Started TC <=============
2019-11-01 08:00:52 INFO CRMPro:43 - ********** Test case FINISHED **********
2019-11-01 08:01:21 INFO CRMPro:26 - =============> Started TC <=============
2019-11-01 08:15:26 INFO CRMPro:26 - =============> Started TC <=============
2019-11-01 08:15:45 INFO CRMPro:43 - ********** Test case FINISHED **********
2019-11-01 08:20:27 INFO CRMPro:26 - =============> Started TC <=============
2019-11-01 08:20:46 INFO CRMPro:43 - ********** Test case FINISHED **********
2019-11-01 08:22:56 INFO CRMPro:26 - =============> Started TC <=============
2019-11-01 08:23:15 INFO CRMPro:43 - ********** Test case FINISHED **********
2019-11-01 08:24:38 INFO CRMPro:26 - =============> Started TC <=============
2019-11-01 08:25:03 INFO CRMPro:43 - ********** Test case FINISHED **********
2019-11-01 08:25:40 INFO CRMPro:26 - =============> Started TC <=============
2019-11-01 08:26:00 INFO CRMPro:43 - ********** Test case FINISHED **********
2019-11-01 08:40:45 INFO CRMPro:26 - =============> Started TC <=============
2019-11-01 08:41:07 INFO CRMPro:43 - ********** Test case FINISHED **********
2019-11-01 08:42:56 INFO CRMPro:26 - =============> Started TC <=============
2019-11-01 08:43:15 INFO CRMPro:43 - ********** Test case FINISHED **********
2019-11-01 08:44:16 INFO CRMPro:26 - =============> Started TC <=============
2019-11-01 08:44:36 INFO CRMPro:43 - ********** Test case FINISHED **********
2019-11-01 08:56:24 INFO CRMPro:26 - =============> Started TC <=============
2019-11-01 08:56:44 INFO CRMPro:43 - ********** Test case FINISHED **********
2019-11-01 08:58:20 INFO CRMPro:26 - =============> Started TC <=============
2019-11-01 08:58:38 INFO CRMPro:43 - ********** Test case FINISHED **********
2019-11-01 09:00:46 INFO CRMPro:26 - =============> Started TC <=============
2019-11-01 09:01:04 INFO CRMPro:43 - ********** Test case FINISHED **********
2019-11-01 09:02:05 INFO CRMPro:26 - =============> Started TC <=============
2019-11-01 09:02:22 INFO CRMPro:43 - ********** Test case FINISHED **********
2019-11-01 09:07:04 INFO CRMPro:26 - =============> Started TC <=============
2019-11-01 09:07:23 INFO CRMPro:43 - ********** Test case FINISHED **********
2019-11-01 09:12:35 INFO CRMPro:26 - =============> Started TC <=============
2019-11-01 09:12:53 INFO CRMPro:43 - ********** Test case FINISHED **********
2019-11-01 09:13:32 INFO CRMPro:26 - =============> Started TC <=============
2019-11-01 09:13:49 INFO CRMPro:43 - ********** Test case FINISHED **********
2019-11-01 09:14:31 INFO CRMPro:26 - =============> Started TC <=============
2019-11-01 09:14:50 INFO CRMPro:43 - ********** Test case FINISHED **********
2019-11-01 09:30:34 INFO CRMPro:26 - =============> Started TC <=============
2019-11-01 09:30:54 INFO CRMPro:43 - ********** Test case FINISHED **********
2019-11-01 09:32:16 INFO CRMPro:26 - =============> Started TC <=============
2019-11-01 09:32:38 INFO CRMPro:43 - ********** Test case FINISHED **********
2019-11-01 09:33:19 INFO CRMPro:26 - =============> Started TC <=============
2019-11-01 09:33:39 INFO CRMPro:43 - ********** Test case FINISHED **********
2019-11-01 09:34:27 INFO CRMPro:26 - =============> Started TC <=============
2019-11-01 09:34:49 INFO CRMPro:43 - ********** Test case FINISHED **********
2019-11-01 09:35:08 INFO CRMPro:26 - =============> Started TC <=============
2019-11-01 09:35:26 INFO CRMPro:43 - ********** Test case FINISHED **********
2019-11-01 09:35:53 INFO CRMPro:26 - =============> Started TC <=============
2019-11-01 09:36:15 INFO CRMPro:43 - ********** Test case FINISHED **********
2019-11-01 09:39:18 INFO CRMPro:26 - =============> Started TC <=============
2019-11-01 09:58:52 INFO CRMPro:26 - =============> Started TC <=============
2019-11-01 09:59:01 INFO CRMPro:21 - --->> Verified Login Page Title
2019-11-01 09:59:06 INFO CRMPro:27 - --->> Verified CRM logo img
2019-11-01 09:59:12 INFO CRMPro:33 - --->> Verified login
2019-11-01 09:59:18 INFO CRMPro:43 - ********** Test case FINISHED **********
2019-11-01 10:15:41 INFO CRMPro:26 - =============> Started TC <=============
2019-11-01 10:15:48 INFO CRMPro:21 - --->> Verified Login Page Title
2019-11-01 10:15:55 INFO CRMPro:27 - --->> Verified CRM logo img
2019-11-01 10:16:02 INFO CRMPro:33 - --->> Verified login
2019-11-01 10:16:07 INFO CRMPro:43 - ********** Test case FINISHED **********
2019-11-01 10:18:34 INFO CRMPro:26 - =============> Started TC <=============
2019-11-01 10:18:41 INFO CRMPro:21 - --->> Verified Login Page Title
2019-11-01 10:18:47 INFO CRMPro:27 - --->> Verified CRM logo img
2019-11-01 10:18:53 INFO CRMPro:33 - --->> Verified login
2019-11-01 10:18:57 INFO CRMPro:43 - ********** Test case FINISHED **********
2019-11-01 10:21:02 INFO CRMPro:26 - =============> Started TC <=============
2019-11-01 10:21:09 INFO CRMPro:21 - --->> Verified Login Page Title
2019-11-01 10:21:15 INFO CRMPro:27 - --->> Verified CRM logo img
2019-11-01 10:21:21 INFO CRMPro:33 - --->> Verified login
2019-11-01 10:21:27 INFO CRMPro:43 - ********** Test case FINISHED **********
2019-11-01 10:31:29 INFO CRMPro:26 - =============> Started TC <=============
2019-11-01 10:31:35 INFO CRMPro:21 - --->> Verified Login Page Title
2019-11-01 10:31:42 INFO CRMPro:27 - --->> Verified CRM logo img
2019-11-01 10:31:48 INFO CRMPro:33 - --->> Verified login
2019-11-01 10:31:55 INFO CRMPro:43 - ********** Test case FINISHED **********
2019-11-01 10:33:06 INFO CRMPro:26 - =============> Started TC <=============
2019-11-01 10:33:13 INFO CRMPro:21 - --->> Verified Login Page Title
2019-11-01 10:33:18 INFO CRMPro:27 - --->> Verified CRM logo img
2019-11-01 10:33:24 INFO CRMPro:33 - --->> Verified login
2019-11-01 10:33:29 INFO CRMPro:43 - ********** Test case FINISHED **********
2019-11-01 10:44:13 INFO CRMPro:26 - =============> Started TC <=============
2019-11-01 10:44:19 INFO CRMPro:21 - --->> Verified Login Page Title
2019-11-01 10:44:25 INFO CRMPro:27 - --->> Verified CRM logo img
2019-11-01 10:44:31 INFO CRMPro:33 - --->> Verified login
2019-11-01 10:44:36 INFO CRMPro:43 - ********** Test case FINISHED **********
2019-11-01 10:51:39 INFO CRMPro:26 - =============> Started TC <=============
2019-11-01 10:51:47 INFO CRMPro:21 - --->> Verified Login Page Title
2019-11-01 10:51:53 INFO CRMPro:27 - --->> Verified CRM logo img
2019-11-01 10:51:59 INFO CRMPro:33 - --->> Verified login
2019-11-01 10:52:03 INFO CRMPro:43 - ********** Test case FINISHED **********
2019-11-01 10:57:56 INFO CRMPro:26 - =============> Started TC <=============
2019-11-01 10:58:05 INFO CRMPro:21 - --->> Verified Login Page Title
2019-11-01 10:58:11 INFO CRMPro:27 - --->> Verified CRM logo img
2019-11-01 10:58:18 INFO CRMPro:33 - --->> Verified login
2019-11-01 10:58:24 INFO CRMPro:43 - ********** Test case FINISHED **********
2019-11-01 11:00:50 INFO CRMPro:26 - =============> Started TC <=============
2019-11-01 11:01:03 INFO CRMPro:21 - --->> Verified Login Page Title
2019-11-01 11:01:09 INFO CRMPro:27 - --->> Verified CRM logo img
2019-11-01 11:01:16 INFO CRMPro:33 - --->> Verified login
2019-11-01 11:01:21 INFO CRMPro:43 - ********** Test case FINISHED **********
2019-11-01 11:04:25 INFO CRMPro:26 - =============> Started TC <=============
2019-11-01 11:04:33 INFO CRMPro:21 - --->> Verified Login Page Title
2019-11-01 11:04:39 INFO CRMPro:27 - --->> Verified CRM logo img
2019-11-01 11:04:45 INFO CRMPro:33 - --->> Verified login
2019-11-01 11:04:50 INFO CRMPro:43 - ********** Test case FINISHED **********
2019-11-01 11:30:38 INFO CRMPro:26 - =============> Started TC <=============
2019-11-01 11:30:47 INFO CRMPro:21 - --->> Verified Login Page Title
2019-11-01 11:30:54 INFO CRMPro:27 - --->> Verified CRM logo img
2019-11-01 11:31:01 INFO CRMPro:33 - --->> Verified login
2019-11-01 11:31:06 INFO CRMPro:43 - ********** Test case FINISHED **********
2019-11-01 11:31:59 INFO CRMPro:26 - =============> Started TC <=============
2019-11-01 11:32:42 INFO CRMPro:26 - =============> Started TC <=============
2019-11-01 11:32:53 INFO CRMPro:23 - --->> Verified Login Page Title
2019-11-01 11:33:02 INFO CRMPro:29 - --->> Verified CRM logo img
2019-11-01 11:33:11 INFO CRMPro:35 - --->> Verified login
2019-11-01 11:33:17 INFO CRMPro:43 - ********** Test case FINISHED **********
2019-11-01 11:39:05 INFO CRMPro:26 - =============> Started TC <=============
2019-11-01 11:39:14 INFO CRMPro:23 - --->> Verified Login Page Title
2019-11-01 11:39:19 INFO CRMPro:29 - --->> Verified CRM logo img
2019-11-01 11:39:26 INFO CRMPro:35 - --->> Verified login
2019-11-01 11:39:30 INFO CRMPro:43 - ********** Test case FINISHED **********
2019-11-01 11:42:28 INFO CRMPro:26 - =============> Started TC <=============
2019-11-01 11:42:35 INFO CRMPro:23 - --->> Verified Login Page Title
2019-11-01 11:42:42 INFO CRMPro:30 - --->> Verified CRM logo img
2019-11-01 11:42:49 INFO CRMPro:37 - --->> Verified login
2019-11-01 11:42:55 INFO CRMPro:43 - ********** Test case FINISHED **********
2019-11-01 11:52:44 INFO CRMPro:26 - =============> Started TC <=============
2019-11-01 11:52:56 INFO CRMPro:23 - --->> Verified Login Page Title
2019-11-01 11:53:02 INFO CRMPro:30 - --->> Verified CRM logo img
2019-11-01 11:53:08 INFO CRMPro:37 - --->> Verified login
2019-11-01 11:53:14 INFO CRMPro:43 - ********** Test case FINISHED **********
2019-11-01 14:20:27 INFO CRMPro:26 - =============> Started TC <=============
2019-11-01 14:20:40 INFO CRMPro:23 - --->> Verified Login Page Title
2019-11-01 14:20:41 INFO CRMPro:26 - =============> Started TC <=============
2019-11-01 14:21:00 INFO CRMPro:30 - --->> Verified CRM logo img
2019-11-01 14:21:11 INFO CRMPro:43 - ********** Test case FINISHED **********
2019-11-01 14:21:18 INFO CRMPro:37 - --->> Verified login
2019-11-01 14:21:23 INFO CRMPro:43 - ********** Test case FINISHED **********
2019-11-01 14:39:05 INFO CRMPro:26 - =============> Started TC <=============
2019-11-01 14:39:12 INFO CRMPro:23 - --->> Verified Login Page Title
2019-11-01 14:39:18 INFO CRMPro:30 - --->> Verified CRM logo img
2019-11-01 14:39:24 INFO CRMPro:37 - --->> Verified login
2019-11-01 14:39:29 INFO CRMPro:43 - ********** Test case FINISHED **********
2019-11-01 14:39:29 INFO CRMPro:26 - =============> Started TC <=============
2019-11-01 14:39:51 INFO CRMPro:43 - ********** Test case FINISHED **********
2019-11-01 14:39:51 INFO CRMPro:26 - =============> Started TC <=============
2019-11-01 14:45:44 INFO CRMPro:43 - ********** Test case FINISHED **********
2019-11-01 17:49:37 INFO CRMPro:26 - =============> Started TC <=============
2019-11-01 17:49:54 INFO CRMPro:25 - --->> Verified Login Page Title
2019-11-01 17:50:00 INFO CRMPro:32 - --->> Verified CRM logo img
2019-11-01 17:50:07 INFO CRMPro:39 - --->> Verified login
2019-11-01 17:50:13 INFO CRMPro:43 - ********** Test case FINISHED **********
2019-11-01 17:57:44 INFO CRMPro:26 - =============> Started TC <=============
2019-11-01 17:57:54 INFO CRMPro:25 - --->> Verified Login Page Title
2019-11-01 17:58:00 INFO CRMPro:32 - --->> Verified CRM logo img
2019-11-01 17:58:08 INFO CRMPro:39 - --->> Verified login
2019-11-01 17:58:13 INFO CRMPro:43 - ********** Test case FINISHED **********
